Using Python from: /users/acb20si/.conda/envs/lejepa/bin/python
Python 3.11.13
Job started at Wed 29 Apr 15:21:11 BST 2026
Running on node: node031.pri.stanage.alces.network
====================================================================================================
Recursive TIFF scan
Train root        : /mnt/parscratch/users/acb20si/2025_Forge/OSINFOR_data/01. Ortomosaicos/2023
Found TIFF files  : 179
====================================================================================================
First 10 TIFF files:
  /mnt/parscratch/users/acb20si/2025_Forge/OSINFOR_data/01. Ortomosaicos/2023/2023-01/25-PUC-C-DE-CPC-002-12_18032023_001_idw_transparent_mosaic_group1.tif
  /mnt/parscratch/users/acb20si/2025_Forge/OSINFOR_data/01. Ortomosaicos/2023/2023-01/25-PUC-C-DE-CPC-002-12_20032023_003_IDW_transparent_mosaic_group1.tif
  /mnt/parscratch/users/acb20si/2025_Forge/OSINFOR_data/01. Ortomosaicos/2023/2023-01/25-PUC-C-DE-CPC-002-12_23032023_004_idw_transparent_mosaic_group1.tif
  /mnt/parscratch/users/acb20si/2025_Forge/OSINFOR_data/01. Ortomosaicos/2023/2023-01/25-PUC-C-DE-CPC-002-12_26032023_002_idw_transparent_mosaic_group1.tif
  /mnt/parscratch/users/acb20si/2025_Forge/OSINFOR_data/01. Ortomosaicos/2023/2023-01/25-PUC-C-DE-CPC-002-12_26032023_005_idw_transparent_mosaic_group1.tif
  /mnt/parscratch/users/acb20si/2025_Forge/OSINFOR_data/01. Ortomosaicos/2023/2023-01/25-PUC-C-DE-CPC-002-12_26032023_006_idw_transparent_mosaic_group1.tif
  /mnt/parscratch/users/acb20si/2025_Forge/OSINFOR_data/01. Ortomosaicos/2023/2023-01/25-PUC-C-DE-CPC-002-12_26032023_007_idw_transparent_mosaic_group1.tif
  /mnt/parscratch/users/acb20si/2025_Forge/OSINFOR_data/01. Ortomosaicos/2023/2023-02/06-CAJ-PER-FMC-2021-001_02042023_01_IDW_transparent_mosaic_group1.tif
  /mnt/parscratch/users/acb20si/2025_Forge/OSINFOR_data/01. Ortomosaicos/2023/2023-02/06-CAJ-PER-FMC-2021-001_03042023_02_IDW_transparent_mosaic_group1.tif
  /mnt/parscratch/users/acb20si/2025_Forge/OSINFOR_data/01. Ortomosaicos/2023/2023-02/06-CAJ-PER-FMC-2021-001_03042023_03_IDW_transparent_mosaic_group1.tif
====================================================================================================
[WARN] Skipping unreadable TIFF in training set: /mnt/parscratch/users/acb20si/2025_Forge/OSINFOR_data/01. Ortomosaicos/2023/2023-19/25-PUCC-DE-CPC001-13_25102023_001_orto_pv17_idw_transparent_mosaic_group1.tif
[WARN] Skipping unreadable TIFF in extraction set: /mnt/parscratch/users/acb20si/2025_Forge/OSINFOR_data/01. Ortomosaicos/2023/2023-19/25-PUCC-DE-CPC001-13_25102023_001_orto_pv17_idw_transparent_mosaic_group1.tif | 25-PUCC-DE-CPC001-13_25102023_001_orto_pv17_idw_transparent_mosaic_group1.tif: TIFFReadDirectory:Failed to read directory at offset 1529645938
====================================================================================================
Phase 1 started
Backbone              : resnet50
Pretrained backbone   : True
Device                : cpu
AMP enabled           : False
Train TIFF files      : 179
Patches per image     : 10
Train samples         : 1780
SSL epochs            : 100
Patch size            : 224
Global image size     : 224
Local image size      : 224
Extraction enabled    : True
Extraction stride     : 1024
Extraction samples    : 3560
====================================================================================================
[SSL][Epoch 1/100] total=19.2855 align=0.0035 var=0.6400 cov=2.3192 slice=0.9616 proxy_eval=19.2953 lr=3.33e-04
[INFO] Saved best checkpoint: proxy_loss=19.295333
[SSL][Epoch 2/100] total=19.1819 align=0.0036 var=0.6349 cov=2.3619 slice=0.9436 proxy_eval=19.5024 lr=5.00e-04
[SSL][Epoch 3/100] total=19.3227 align=0.0036 var=0.6394 cov=2.3773 slice=0.9576 proxy_eval=19.8638 lr=5.00e-04
[SSL][Epoch 4/100] total=19.0553 align=0.0036 var=0.6283 cov=2.3931 slice=0.9517 proxy_eval=20.5853 lr=5.00e-04
[SSL][Epoch 5/100] total=18.7224 align=0.0038 var=0.6142 cov=2.4302 slice=0.9343 proxy_eval=21.1282 lr=4.99e-04
[SSL][Epoch 6/100] total=18.5818 align=0.0038 var=0.6077 cov=2.4589 slice=0.9259 proxy_eval=20.0391 lr=4.99e-04
[SSL][Epoch 7/100] total=18.5392 align=0.0039 var=0.6061 cov=2.4589 slice=0.9233 proxy_eval=20.8828 lr=4.98e-04
[SSL][Epoch 8/100] total=18.5321 align=0.0039 var=0.6058 cov=2.4605 slice=0.9219 proxy_eval=20.6287 lr=4.97e-04
[SSL][Epoch 9/100] total=18.5144 align=0.0039 var=0.6050 cov=2.4653 slice=0.9212 proxy_eval=20.9982 lr=4.95e-04
[SSL][Epoch 10/100] total=18.4716 align=0.0039 var=0.6028 cov=2.4771 slice=0.9203 proxy_eval=20.5512 lr=4.94e-04
[SSL][Epoch 11/100] total=18.4924 align=0.0038 var=0.6038 cov=2.4719 slice=0.9205 proxy_eval=20.4691 lr=4.92e-04
[SSL][Epoch 12/100] total=18.4681 align=0.0038 var=0.6019 cov=2.4956 slice=0.9209 proxy_eval=20.9707 lr=4.89e-04
[SSL][Epoch 13/100] total=18.4670 align=0.0039 var=0.6035 cov=2.4557 slice=0.9198 proxy_eval=20.5090 lr=4.87e-04
[SSL][Epoch 14/100] total=18.4639 align=0.0039 var=0.6023 cov=2.4820 slice=0.9203 proxy_eval=20.9297 lr=4.84e-04
[SSL][Epoch 15/100] total=18.4581 align=0.0039 var=0.6027 cov=2.4668 slice=0.9195 proxy_eval=20.2550 lr=4.81e-04
[SSL][Epoch 16/100] total=18.4687 align=0.0039 var=0.6031 cov=2.4673 slice=0.9202 proxy_eval=20.4627 lr=4.78e-04
[SSL][Epoch 17/100] total=18.4772 align=0.0039 var=0.6031 cov=2.4767 slice=0.9195 proxy_eval=20.9015 lr=4.75e-04
[SSL][Epoch 18/100] total=18.4799 align=0.0038 var=0.6033 cov=2.4733 slice=0.9194 proxy_eval=20.5355 lr=4.71e-04
[SSL][Epoch 19/100] total=18.4552 align=0.0039 var=0.6021 cov=2.4804 slice=0.9189 proxy_eval=21.7520 lr=4.67e-04
[SSL][Epoch 20/100] total=18.4541 align=0.0039 var=0.6017 cov=2.4884 slice=0.9194 proxy_eval=20.7304 lr=4.63e-04
[SSL][Epoch 21/100] total=18.4850 align=0.0039 var=0.6035 cov=2.4752 slice=0.9196 proxy_eval=20.9098 lr=4.59e-04
[SSL][Epoch 22/100] total=18.4757 align=0.0039 var=0.6030 cov=2.4776 slice=0.9195 proxy_eval=21.0881 lr=4.54e-04
[SSL][Epoch 23/100] total=18.4616 align=0.0039 var=0.6025 cov=2.4763 slice=0.9191 proxy_eval=22.8692 lr=4.49e-04
[SSL][Epoch 24/100] total=18.4729 align=0.0039 var=0.6027 cov=2.4812 slice=0.9191 proxy_eval=21.0843 lr=4.44e-04
