Using Python from: /users/acb20si/.conda/envs/lejepa/bin/python
Python 3.11.13
====================================================================================================
Recovery input CSV built
Input direct GT CSV : ./outputs/evaluation/valid_points_direct.csv
Output CSV          : ./outputs/evaluation/valid_points_recovery_5m.csv
Offset max (m)      : 5.0
Rows                : 807
====================================================================================================
====================================================================================================
Recovery input CSV built
Input direct GT CSV : ./outputs/evaluation/valid_points_direct.csv
Output CSV          : ./outputs/evaluation/valid_points_recovery_20m.csv
Offset max (m)      : 20.0
Rows                : 807
====================================================================================================
====================================================================================================
Censo overlap CSV built
Input CSV               : /mnt/parscratch/users/acb20si/realign_tree/Code/Project/data/Censo_Forestal.csv
Output CSV              : ./outputs/evaluation/Censo_Forestal_overlap_all.csv
Rows kept               : 2805
Rows without TIFF match : 15167
====================================================================================================
Job finished at Sat 25 Apr 13:58:16 BST 2026
