Using Python from: /users/acb20si/.conda/envs/lejepa/bin/python
Python 3.11.13
[WARN] Could not open TIFF: /mnt/parscratch/users/acb20si/2025_Forge/OSINFOR_data/01. Ortomosaicos/2023/2023-19/25-PUCC-DE-CPC001-13_25102023_001_orto_pv17_idw_transparent_mosaic_group1.tif | 25-PUCC-DE-CPC001-13_25102023_001_orto_pv17_idw_transparent_mosaic_group1.tif: TIFFReadDirectory:Failed to read directory at offset 1529645938
====================================================================================================
Direct GT input built from SHP
SHP path                : /mnt/parscratch/users/acb20si/realign_tree/Code/Slide_grid/testing/data/tree_label_rdn/valid_points.shp
Output CSV              : ./outputs/evaluation/valid_points_direct.csv
Rows kept               : 807
Rows without TIFF match : 319
====================================================================================================
====================================================================================================
Recovery input CSV built
Input direct GT CSV : ./outputs/evaluation/valid_points_direct.csv
Output CSV          : ./outputs/evaluation/valid_points_recovery_5m.csv
Offset max (m)      : 5.0
Rows                : 807
====================================================================================================
====================================================================================================
Recovery input CSV built
Input direct GT CSV : ./outputs/evaluation/valid_points_direct.csv
Output CSV          : ./outputs/evaluation/valid_points_recovery_20m.csv
Offset max (m)      : 20.0
Rows                : 807
====================================================================================================
====================================================================================================
Censo overlap CSV built
Input CSV               : /mnt/parscratch/users/acb20si/realign_tree/Code/Project/data/Censo_Forestal.csv
Output CSV              : ./outputs/evaluation/Censo_Forestal_overlap_all.csv
Rows kept               : 2805
Rows without TIFF match : 15167
====================================================================================================
Job finished at Thu 23 Apr 16:59:26 BST 2026
