Using Python from: /users/acb20si/.conda/envs/lejepa/bin/python
Python 3.11.13
[WARN] Missing keys while loading checkpoint: ['predictor.net.0.weight', 'predictor.net.0.bias', 'predictor.net.2.weight', 'predictor.net.2.bias']
[WARN] Unexpected keys while loading checkpoint: ['predictor.0.weight', 'predictor.0.bias', 'predictor.2.weight', 'predictor.2.bias']
====================================================================================================
Phase 3 started
Encoder checkpoint : ./outputs/phase1/phase1_encoder_best.pth
Prototypes CSV     : ./outputs/phase2/class_prototypes.csv
Points CSV         : ./outputs/evaluation/valid_points_recovery_5m.csv
Imagery root       : /mnt/parscratch/users/acb20si/2025_Forge/OSINFOR_data/01. Ortomosaicos/2023
Output CSV         : ./outputs/evaluation/refined_recovery_5m.csv
Coordinate type    : world
Points loaded      : 807
====================================================================================================
====================================================================================================
Phase 3 completed
Saved results to   : ./outputs/evaluation/refined_recovery_5m.csv
Elapsed            : 16:48:24
====================================================================================================
Job finished at Sun 26 Apr 06:34:00 BST 2026
