Using Python from: /users/acb20si/.conda/envs/lejepa/bin/python
Python 3.11.13
[WARN] Missing keys while loading checkpoint: ['predictor.net.0.weight', 'predictor.net.0.bias', 'predictor.net.2.weight', 'predictor.net.2.bias']
[WARN] Unexpected keys while loading checkpoint: ['predictor.0.weight', 'predictor.0.bias', 'predictor.2.weight', 'predictor.2.bias']
====================================================================================================
Phase 3 started
Encoder checkpoint : ./outputs/phase1/phase1_encoder_best.pth
Prototypes CSV     : ./outputs/phase2/class_prototypes.csv
Points CSV         : ./outputs/debug_qgis_overlap/censo_shihuahuaco_only.csv
Imagery root       : /mnt/parscratch/users/acb20si/2025_Turing_L/datasets/Osinfor/Ortomosaicos
Output CSV         : ./outputs/evaluation/refined_censo_overlap.csv
Coordinate type    : world
Points loaded      : 292
====================================================================================================
====================================================================================================
Phase 3 completed
Saved results to   : ./outputs/evaluation/refined_censo_overlap.csv
Elapsed            : 05:13:04
====================================================================================================
Job finished at Sun 26 Apr 15:38:43 BST 2026
